Determining if the pthread_create exist failed with the following output:
Change Dir: /home/lak/Escritorio/TFG/TrabajoFG20/catkin_ws/build/CMakeFiles/CMakeTmp

Run Build Command:"/usr/bin/make" "cmTC_2cd8e/fast"
/usr/bin/make -f CMakeFiles/cmTC_2cd8e.dir/build.make CMakeFiles/cmTC_2cd8e.dir/build
make[1]: se entra en el directorio '/home/lak/Escritorio/TFG/TrabajoFG20/catkin_ws/build/CMakeFiles/CMakeTmp'
Building C object CMakeFiles/cmTC_2cd8e.dir/CheckSymbolExists.c.o
/usr/bin/cc    -o CMakeFiles/cmTC_2cd8e.dir/CheckSymbolExists.c.o   -c /home/lak/Escritorio/TFG/TrabajoFG20/catkin_ws/build/CMakeFiles/CMakeTmp/CheckSymbolExists.c
Linking C executable cmTC_2cd8e
/usr/bin/cmake -E cmake_link_script CMakeFiles/cmTC_2cd8e.dir/link.txt --verbose=1
/usr/bin/cc      -rdynamic CMakeFiles/cmTC_2cd8e.dir/CheckSymbolExists.c.o  -o cmTC_2cd8e 
CMakeFiles/cmTC_2cd8e.dir/CheckSymbolExists.c.o: En la función `main':
CheckSymbolExists.c:(.text+0x1b): referencia a `pthread_create' sin definir
collect2: error: ld returned 1 exit status
CMakeFiles/cmTC_2cd8e.dir/build.make:97: recipe for target 'cmTC_2cd8e' failed
make[1]: *** [cmTC_2cd8e] Error 1
make[1]: se sale del directorio '/home/lak/Escritorio/TFG/TrabajoFG20/catkin_ws/build/CMakeFiles/CMakeTmp'
Makefile:126: recipe for target 'cmTC_2cd8e/fast' failed
make: *** [cmTC_2cd8e/fast] Error 2

File /home/lak/Escritorio/TFG/TrabajoFG20/catkin_ws/build/CMakeFiles/CMakeTmp/CheckSymbolExists.c:
/* */
#include <pthread.h>

int main(int argc, char** argv)
{
  (void)argv;
#ifndef pthread_create
  return ((int*)(&pthread_create))[argc];
#else
  (void)argc;
  return 0;
#endif
}

Determining if the function pthread_create exists in the pthreads failed with the following output:
Change Dir: /home/lak/Escritorio/TFG/TrabajoFG20/catkin_ws/build/CMakeFiles/CMakeTmp

Run Build Command:"/usr/bin/make" "cmTC_ec291/fast"
/usr/bin/make -f CMakeFiles/cmTC_ec291.dir/build.make CMakeFiles/cmTC_ec291.dir/build
make[1]: se entra en el directorio '/home/lak/Escritorio/TFG/TrabajoFG20/catkin_ws/build/CMakeFiles/CMakeTmp'
Building C object CMakeFiles/cmTC_ec291.dir/CheckFunctionExists.c.o
/usr/bin/cc   -DCHECK_FUNCTION_EXISTS=pthread_create   -o CMakeFiles/cmTC_ec291.dir/CheckFunctionExists.c.o   -c /usr/share/cmake-3.10/Modules/CheckFunctionExists.c
Linking C executable cmTC_ec291
/usr/bin/cmake -E cmake_link_script CMakeFiles/cmTC_ec291.dir/link.txt --verbose=1
/usr/bin/cc  -DCHECK_FUNCTION_EXISTS=pthread_create    -rdynamic CMakeFiles/cmTC_ec291.dir/CheckFunctionExists.c.o  -o cmTC_ec291 -lpthreads 
/usr/bin/ld: no se puede encontrar -lpthreads
collect2: error: ld returned 1 exit status
CMakeFiles/cmTC_ec291.dir/build.make:97: recipe for target 'cmTC_ec291' failed
make[1]: *** [cmTC_ec291] Error 1
make[1]: se sale del directorio '/home/lak/Escritorio/TFG/TrabajoFG20/catkin_ws/build/CMakeFiles/CMakeTmp'
Makefile:126: recipe for target 'cmTC_ec291/fast' failed
make: *** [cmTC_ec291/fast] Error 2


