Determining if the pthread_create exist failed with the following output:
Change Dir: /home/lak/Escritorio/TFG/TrabajoFG20/simulation_ws/src/move_plugin/build/CMakeFiles/CMakeTmp

Run Build Command:"/usr/bin/make" "cmTC_feb50/fast"
/usr/bin/make -f CMakeFiles/cmTC_feb50.dir/build.make CMakeFiles/cmTC_feb50.dir/build
make[1]: se entra en el directorio '/home/lak/Escritorio/TFG/TrabajoFG20/simulation_ws/src/move_plugin/build/CMakeFiles/CMakeTmp'
Building C object CMakeFiles/cmTC_feb50.dir/CheckSymbolExists.c.o
/usr/bin/cc    -o CMakeFiles/cmTC_feb50.dir/CheckSymbolExists.c.o   -c /home/lak/Escritorio/TFG/TrabajoFG20/simulation_ws/src/move_plugin/build/CMakeFiles/CMakeTmp/CheckSymbolExists.c
Linking C executable cmTC_feb50
/usr/bin/cmake -E cmake_link_script CMakeFiles/cmTC_feb50.dir/link.txt --verbose=1
/usr/bin/cc      -rdynamic CMakeFiles/cmTC_feb50.dir/CheckSymbolExists.c.o  -o cmTC_feb50 
CMakeFiles/cmTC_feb50.dir/CheckSymbolExists.c.o: En la función `main':
CheckSymbolExists.c:(.text+0x1b): referencia a `pthread_create' sin definir
collect2: error: ld returned 1 exit status
CMakeFiles/cmTC_feb50.dir/build.make:97: recipe for target 'cmTC_feb50' failed
make[1]: *** [cmTC_feb50] Error 1
make[1]: se sale del directorio '/home/lak/Escritorio/TFG/TrabajoFG20/simulation_ws/src/move_plugin/build/CMakeFiles/CMakeTmp'
Makefile:126: recipe for target 'cmTC_feb50/fast' failed
make: *** [cmTC_feb50/fast] Error 2

File /home/lak/Escritorio/TFG/TrabajoFG20/simulation_ws/src/move_plugin/build/CMakeFiles/CMakeTmp/CheckSymbolExists.c:
/* */
#include <pthread.h>

int main(int argc, char** argv)
{
  (void)argv;
#ifndef pthread_create
  return ((int*)(&pthread_create))[argc];
#else
  (void)argc;
  return 0;
#endif
}

Determining if the function pthread_create exists in the pthreads failed with the following output:
Change Dir: /home/lak/Escritorio/TFG/TrabajoFG20/simulation_ws/src/move_plugin/build/CMakeFiles/CMakeTmp

Run Build Command:"/usr/bin/make" "cmTC_247cd/fast"
/usr/bin/make -f CMakeFiles/cmTC_247cd.dir/build.make CMakeFiles/cmTC_247cd.dir/build
make[1]: se entra en el directorio '/home/lak/Escritorio/TFG/TrabajoFG20/simulation_ws/src/move_plugin/build/CMakeFiles/CMakeTmp'
Building C object CMakeFiles/cmTC_247cd.dir/CheckFunctionExists.c.o
/usr/bin/cc   -DCHECK_FUNCTION_EXISTS=pthread_create   -o CMakeFiles/cmTC_247cd.dir/CheckFunctionExists.c.o   -c /usr/share/cmake-3.10/Modules/CheckFunctionExists.c
Linking C executable cmTC_247cd
/usr/bin/cmake -E cmake_link_script CMakeFiles/cmTC_247cd.dir/link.txt --verbose=1
/usr/bin/cc  -DCHECK_FUNCTION_EXISTS=pthread_create    -rdynamic CMakeFiles/cmTC_247cd.dir/CheckFunctionExists.c.o  -o cmTC_247cd -lpthreads 
/usr/bin/ld: no se puede encontrar -lpthreads
collect2: error: ld returned 1 exit status
CMakeFiles/cmTC_247cd.dir/build.make:97: recipe for target 'cmTC_247cd' failed
make[1]: *** [cmTC_247cd] Error 1
make[1]: se sale del directorio '/home/lak/Escritorio/TFG/TrabajoFG20/simulation_ws/src/move_plugin/build/CMakeFiles/CMakeTmp'
Makefile:126: recipe for target 'cmTC_247cd/fast' failed
make: *** [cmTC_247cd/fast] Error 2


