Determining if the pthread_create exist failed with the following output:
Change Dir: /home/lak/Escritorio/TFG/TrabajoFG20/simulation_ws/src/simulacion/colworld/build/CMakeFiles/CMakeTmp

Run Build Command:"/usr/bin/make" "cmTC_18965/fast"
/usr/bin/make -f CMakeFiles/cmTC_18965.dir/build.make CMakeFiles/cmTC_18965.dir/build
make[1]: se entra en el directorio '/home/lak/Escritorio/TFG/TrabajoFG20/simulation_ws/src/simulacion/colworld/build/CMakeFiles/CMakeTmp'
Building C object CMakeFiles/cmTC_18965.dir/CheckSymbolExists.c.o
/usr/bin/cc    -o CMakeFiles/cmTC_18965.dir/CheckSymbolExists.c.o   -c /home/lak/Escritorio/TFG/TrabajoFG20/simulation_ws/src/simulacion/colworld/build/CMakeFiles/CMakeTmp/CheckSymbolExists.c
Linking C executable cmTC_18965
/usr/bin/cmake -E cmake_link_script CMakeFiles/cmTC_18965.dir/link.txt --verbose=1
/usr/bin/cc      -rdynamic CMakeFiles/cmTC_18965.dir/CheckSymbolExists.c.o  -o cmTC_18965 
CMakeFiles/cmTC_18965.dir/CheckSymbolExists.c.o: En la función `main':
CheckSymbolExists.c:(.text+0x1b): referencia a `pthread_create' sin definir
collect2: error: ld returned 1 exit status
CMakeFiles/cmTC_18965.dir/build.make:97: recipe for target 'cmTC_18965' failed
make[1]: *** [cmTC_18965] Error 1
make[1]: se sale del directorio '/home/lak/Escritorio/TFG/TrabajoFG20/simulation_ws/src/simulacion/colworld/build/CMakeFiles/CMakeTmp'
Makefile:126: recipe for target 'cmTC_18965/fast' failed
make: *** [cmTC_18965/fast] Error 2

File /home/lak/Escritorio/TFG/TrabajoFG20/simulation_ws/src/simulacion/colworld/build/CMakeFiles/CMakeTmp/CheckSymbolExists.c:
/* */
#include <pthread.h>

int main(int argc, char** argv)
{
  (void)argv;
#ifndef pthread_create
  return ((int*)(&pthread_create))[argc];
#else
  (void)argc;
  return 0;
#endif
}

Determining if the function pthread_create exists in the pthreads failed with the following output:
Change Dir: /home/lak/Escritorio/TFG/TrabajoFG20/simulation_ws/src/simulacion/colworld/build/CMakeFiles/CMakeTmp

Run Build Command:"/usr/bin/make" "cmTC_eff9b/fast"
/usr/bin/make -f CMakeFiles/cmTC_eff9b.dir/build.make CMakeFiles/cmTC_eff9b.dir/build
make[1]: se entra en el directorio '/home/lak/Escritorio/TFG/TrabajoFG20/simulation_ws/src/simulacion/colworld/build/CMakeFiles/CMakeTmp'
Building C object CMakeFiles/cmTC_eff9b.dir/CheckFunctionExists.c.o
/usr/bin/cc   -DCHECK_FUNCTION_EXISTS=pthread_create   -o CMakeFiles/cmTC_eff9b.dir/CheckFunctionExists.c.o   -c /usr/share/cmake-3.10/Modules/CheckFunctionExists.c
Linking C executable cmTC_eff9b
/usr/bin/cmake -E cmake_link_script CMakeFiles/cmTC_eff9b.dir/link.txt --verbose=1
/usr/bin/cc  -DCHECK_FUNCTION_EXISTS=pthread_create    -rdynamic CMakeFiles/cmTC_eff9b.dir/CheckFunctionExists.c.o  -o cmTC_eff9b -lpthreads 
/usr/bin/ld: no se puede encontrar -lpthreads
collect2: error: ld returned 1 exit status
CMakeFiles/cmTC_eff9b.dir/build.make:97: recipe for target 'cmTC_eff9b' failed
make[1]: *** [cmTC_eff9b] Error 1
make[1]: se sale del directorio '/home/lak/Escritorio/TFG/TrabajoFG20/simulation_ws/src/simulacion/colworld/build/CMakeFiles/CMakeTmp'
Makefile:126: recipe for target 'cmTC_eff9b/fast' failed
make: *** [cmTC_eff9b/fast] Error 2


